abort_msg_s
accepted_reply
addrinfo
ad_private
aliasent
alias_map
arc
archmapped
area
argp
argp_child
argp_fmtstream
argp_option
argp_state
audata
audit_ifaces
auditstate
AUTH
authdes_cred
authdes_fullname
authdes_verf
auth_errtab
authnone_private_s
auth_ops
authunix_parms
base_table_t
__bb
binding
bin_tree_storage_t
bin_tree_t
bsdcred
builtin_map
cached_data
cache_entry
cache_node
call_body
call_dl_lookup_args
callrpc_private_s
catalog_info
catalog_obj
cleanup_arg
CLIENT
clnt_ops
clntraw_private_s
cmd
cmessage
cmsghdr
converted_domain
cpu_features
cpuid_registers
cryptkeyarg
cryptkeyarg2
cryptkeyres
ct_data
cu_data
database_pers_head
datahead
deleted_handler
derivation_step
desparams
dests_alloc
dir_data
dirent
dirent64
__dirstream
dl_open_hook
dl_phdr_info
dl_scope_free_list
dl_tls_index
do_dlopen_args
do_dlsym_args
drand48_data
dtv_slotinfo
dtv_slotinfo_list
dwarf_cie
dwarf_eh_bases
dwarf_fde
DWstruct
entry
_ENTRY
era_entry
ether_addr
etherent
exit_function
exit_function_list
__exit_status
exit_status
expression
extra_entry
extra_entry_module
fde_accumulator
fde_table
fde_vector
flock
flock64
fmemopen_cookie_struct
fnmatch_struct
fnwmatch_struct
fork_handler
fork_handler_pool
_fpreg
_fpstate
_fpxreg
_fpx_sw_bytes
frame_state
frame_state_reg_info
fstab
fstab_state
_ftsent
FTW
ftw_data
gaih_addrtuple
gaih_service
gaih_servtuple
gaih_typeproto
gconv_alias
gconvcache_header
gconv_fcts
__gconv_info
__gconv_loaded_object
gconv_module
__gconv_step
__gconv_step_data
__gconv_trans_data
getcredres
_getopt_data
globnames
gmon_cg_arc_record
gmonparam
group
group_filter
hashentry
hash_entry
hconf
hdr
_heap_info
helper_file
hol
hol_cluster
hol_entry
hol_help_state
hostent
hsearch_data
ifaddrmsg
ifaddrs
ifaddrs_storage
ifconf
ifinfomsg
ifmap
if_nameindex
ifreq
in6_addr
in6addrinfo
in6ailist
in_addr
in_pktinfo
intel_02_cache_info
_IO_codecvt
_IO_cookie_file
_IO_FILE
_IO_FILE_complete
_IO_FILE_complete_plus
_IO_FILE_memstream
_IO_FILE_plus
_IO_FILE_wmemstream
_IO_jump_t
_IO_marker
_IO_obstack_file
_IO_proc_file
_IO_streambuf
_IO_str_fields
_IO_strfile_
iovec
_IO_wide_data
ip6_ext
ip6_hbh
ip6_opt
ip6_rthdr
ip6_rthdr0
ipc_kludge
ipc_perm
ip_msfilter
itimerval
__jmp_buf_tag
kernel_dirent
kernel_dirent64
kernel_sigaction
kernel_stat
__kernel_termios
key_call_private
key_netstarg
key_netstres
known_derivation
known_object
known_trans
known_translation_t
La_alpha_regs
La_alpha_retval
La_i86_regs
La_i86_retval
La_ia64_regs
La_ia64_retval
La_ppc32_regs
La_ppc32_retval
La_ppc64_regs
La_ppc64_retval
La_s390_32_regs
La_s390_32_retval
La_s390_64_regs
La_s390_64_retval
La_sh_regs
La_sh_retval
La_sparc32_regs
La_sparc32_retval
La_sparc64_regs
La_x86_64_regs
La_x86_64_retval
layout
lconv
lc_time_data
leap
libname_list
link_map
link_map_machine
link_map_public
link_map_reldeps
link_namespaces
list_head
loaded_domain
loaded_l10nfile
__locale_data
locale_in_archive
__locale_struct
locarhead
locked_FILE
locked_map_ptr
locrecent
mallinfo
malloc_chunk
malloc_par
malloc_save_state
malloc_state
mapped_database
mmsghdr
mntent
module_entry
mo_file_header
mp_power
msg
msghdr
msort_param
msqid_ds
name_database
name_database_entry
namehashent
name_list
netaddr
netent
__netgrent
netlink_handle
netlink_res
netobj
nlmsgerr
nlmsghdr
node_t
nscd_ai_result
ntptimeval
object
obstack
_obstack_chunk
obstack_FILE
__old_dirent64
__old_ipc_perm
old_kernel_dirent
old_kernel_dirent64
__old_msqid_ds
__old_semid_ds
__old_shmid_ds
opaque_auth
option
option_list
parse_args
parser
parser_convert_state
parser_data
parser_sizes
passwd
path_elem
patternlist
pentry_state
pmap
pmaplist
pollfd
prefixentry
prefixlist
printf_info
printf_modifier_record
printf_spec
priority_protection_data
prof
prof_info
proglst_
protoent
pthread
_pthread_cleanup_buffer
__pthread_cleanup_frame
pthread_functions
__pthread_internal_slist
pthread_key_data
pthread_key_struct
__pthread_mutex_s
pthread_unwind_buf
ptrs_to_free
qelem
random_data
random_poly_info
range
r_debug
real_gmon_hdr
real_gmon_hist_hdr
re_backref_cache_entry
rec_strm
re_dfastate_t
re_dfa_t
re_fail_stack_ent_t
re_fail_stack_t
region
rejected_reply
reloc_result
re_pattern_buffer
reply_body
req
re_registers
__res_state
re_state_table_entry
re_string_t
r_found_version
rlimit
rlimit64
rmtcallargs
rmtcallres
robust_list_head
rpc_createerr
rpcent
rpc_err
rpc_errtab
rpc_msg
rpc_thread_variables
rpc_timeval
r_scope_elem
r_search_path_elem
r_search_path_struct
rtattr
rtgenmsg
rtld_global
rtld_global_ro
rusage
scandir_cancel_struct
sched_param
scopeentry
scopelist
segment_pair
sem
sembuf
semid_ds
seminfo
sem_queue
sem_undo
servent
service_library
service_user
severity_info
sgrp
sgttyb
shmid_ds
sigaction
sigaltstack
sigcontext
siginfo
sigstack
sigvec
sockaddr
sockaddr_at
sockaddr_ax25
sockaddr_dl
sockaddr_eon
sockaddr_in
sockaddr_in6
sockaddr_inarp
sockaddr_ipx
sockaddr_iso
sockaddr_ll_max
sockaddr_nl
sockaddr_ns
sockaddr_storage
sockaddr_un
sockaddr_x25
sock_extended_err
sort_result
sort_result_combo
__spawn_action
speed_struct
spwd
stat
stat64
statfs
statfs64
statvfs
statvfs64
strbuf
string_desc
str_list
__strptime_state
svc_callout
svcraw_private_s
svc_req
svcudp_data
SVCXPRT
__sysctl_args
sysdep_segment
sysdep_string
sysdep_string_desc
tcp_conn
tcp_rendezvous
td_thr_events
termios
timeb
timespec
timeval
timex
timezone
tm
tms
toktab
tostruct
trace_arg
traced_file
transmem_list
trans_struct
ttinfo
ttyent
tzhead
tzstring_l
ucred
udp_cache
unique_sym
unique_sym_table
unix_conn
unixcred
unix_rendezvous
unw_eh_callback_data
unw_eh_frame_hdr
_Unwind_Context
_Unwind_Exception
uparam_name
uparams
used_handler
ustat
utfuncs
utmp
utmpx
utsname
vm_area_struct
vtimes
wait_queue
XDR
xdr_discrim
xdr_ops
xid_command
_xmmreg
xp_ops